[2020-02-25 14:47:16] | Text: Controller App\Controllers\ShopController not found | File: /var/www/vendor/framework/routing/Router.php | Line: 74
================
[2020-02-25 14:47:16] | Text: Page not found | File: /var/www/vendor/framework/routing/Router.php | Line: 77
================
[2020-02-25 14:47:53] | Text: Page not found | File: /var/www/vendor/framework/routing/Router.php | Line: 77
================
[2020-02-25 14:47:56] | Text: Controller App\Controllers\ShopController not found | File: /var/www/vendor/framework/routing/Router.php | Line: 74
================
[2020-02-25 14:47:58] | Text: Page not found | File: /var/www/vendor/framework/routing/Router.php | Line: 77
================
[2020-02-25 14:48:01] | Text: Page not found | File: /var/www/vendor/framework/routing/Router.php | Line: 77
================
[2020-02-25 14:48:04] | Text: Controller App\Controllers\ShopController not found | File: /var/www/vendor/framework/routing/Router.php | Line: 74
================
[2020-02-25 14:48:04] | Text: Page not found | File: /var/www/vendor/framework/routing/Router.php | Line: 77
================
[2020-02-25 14:48:09] | Text: Page not found | File: /var/www/vendor/framework/routing/Router.php | Line: 77
================
[2020-02-25 15:00:59] | Text: Controller App\Controllers\ShopController not found | File: /var/www/vendor/framework/routing/Router.php | Line: 74
================
[2020-02-25 15:01:05] | Text: Page not found | File: /var/www/vendor/framework/routing/Router.php | Line: 77
================
[2020-02-25 15:02:16] | Text: Controller App\Controllers\ShopController not found | File: /var/www/vendor/framework/routing/Router.php | Line: 74
================
[2020-02-25 15:02:24] | Text: Controller App\Controllers\ShopController not found | File: /var/www/vendor/framework/routing/Router.php | Line: 74
================
[2020-02-25 15:02:26] | Text: Controller App\Controllers\ShopController not found | File: /var/www/vendor/framework/routing/Router.php | Line: 74
================
[2020-02-25 15:02:40] | Text: Controller App\Controllers\BlogController not found | File: /var/www/vendor/framework/routing/Router.php | Line: 74
================
[2020-02-25 15:02:46] | Text: Page not found | File: /var/www/vendor/framework/routing/Router.php | Line: 77
================
[2020-02-25 15:02:52] | Text: Page not found | File: /var/www/vendor/framework/routing/Router.php | Line: 77
================
[2020-02-25 15:02:54] | Text: Controller App\Controllers\ShopController not found | File: /var/www/vendor/framework/routing/Router.php | Line: 74
================
[2020-02-25 15:02:55] | Text: Page not found | File: /var/www/vendor/framework/routing/Router.php | Line: 77
================
[2020-02-25 15:07:10] | Text: Controller App\Controllers\ShopController not found | File: /var/www/vendor/framework/routing/Router.php | Line: 74
================
[2020-02-25 15:07:10] | Text: Page not found | File: /var/www/vendor/framework/routing/Router.php | Line: 77
================
[2020-02-25 15:07:12] | Text: Controller App\Controllers\ShopController not found | File: /var/www/vendor/framework/routing/Router.php | Line: 74
================
[2020-02-25 15:07:12] | Text: Page not found | File: /var/www/vendor/framework/routing/Router.php | Line: 77
================
[2020-02-25 15:07:13] | Text: Controller App\Controllers\ShopController not found | File: /var/www/vendor/framework/routing/Router.php | Line: 74
================
[2020-02-25 15:07:13] | Text: Controller App\Controllers\ShopController not found | File: /var/www/vendor/framework/routing/Router.php | Line: 74
================
[2020-02-25 15:07:13] | Text: Controller App\Controllers\ShopController not found | File: /var/www/vendor/framework/routing/Router.php | Line: 74
================
[2020-02-25 15:07:14] | Text: Page not found | File: /var/www/vendor/framework/routing/Router.php | Line: 77
================
[2020-02-25 15:10:07] | Text: Controller App\Controllers\ShopController not found | File: /var/www/vendor/framework/routing/Router.php | Line: 76
================
[2020-02-25 15:10:08] | Text: Controller App\Controllers\ShopController not found | File: /var/www/vendor/framework/routing/Router.php | Line: 76
================
[2020-02-25 15:10:09] | Text: Controller App\Controllers\ShopController not found | File: /var/www/vendor/framework/routing/Router.php | Line: 76
================
[2020-02-25 15:10:10] | Text: Controller App\Controllers\ShopController not found | File: /var/www/vendor/framework/routing/Router.php | Line: 76
================
[2020-02-25 15:10:11] | Text: Controller App\Controllers\ShopController not found | File: /var/www/vendor/framework/routing/Router.php | Line: 76
================
[2020-02-25 15:10:12] | Text: Controller App\Controllers\ShopController not found | File: /var/www/vendor/framework/routing/Router.php | Line: 76
================
[2020-02-25 15:10:13] | Text: Controller App\Controllers\ShopController not found | File: /var/www/vendor/framework/routing/Router.php | Line: 76
================
[2020-02-25 15:10:13] | Text: Controller App\Controllers\ShopController not found | File: /var/www/vendor/framework/routing/Router.php | Line: 76
================
[2020-02-25 15:12:41] | Text: Controller App\Controllers\ShopController not found | File: /var/www/vendor/framework/routing/Router.php | Line: 74
================
[2020-02-25 15:12:43] | Text: Controller App\Controllers\ShopController not found | File: /var/www/vendor/framework/routing/Router.php | Line: 74
================
[2020-02-25 15:12:45] | Text: Controller App\Controllers\ShopController not found | File: /var/www/vendor/framework/routing/Router.php | Line: 74
================
[2020-02-25 15:12:46] | Text: Controller App\Controllers\ShopController not found | File: /var/www/vendor/framework/routing/Router.php | Line: 74
================
[2020-02-25 15:12:47] | Text: Controller App\Controllers\ShopController not found | File: /var/www/vendor/framework/routing/Router.php | Line: 74
================
[2020-02-25 15:12:47] | Text: Controller App\Controllers\ShopController not found | File: /var/www/vendor/framework/routing/Router.php | Line: 74
================
[2020-02-25 15:12:49] | Text: Page not found | File: /var/www/vendor/framework/routing/Router.php | Line: 77
================
[2020-02-25 15:14:10] | Text: Controller App\Controllers\ShopController not found | File: /var/www/vendor/framework/routing/Router.php | Line: 74
================
[2020-02-25 15:14:12] | Text: Controller App\Controllers\ShopController not found | File: /var/www/vendor/framework/routing/Router.php | Line: 74
================
[2020-02-25 15:16:11] | Text: Controller App\Controllers\ShopController not found | File: /var/www/vendor/framework/routing/Router.php | Line: 74
================
[2020-02-25 15:16:11] | Text: Page not found | File: /var/www/vendor/framework/routing/Router.php | Line: 77
================
[2020-02-25 15:16:20] | Text: Page not found | File: /var/www/vendor/framework/routing/Router.php | Line: 77
================
[2020-02-25 15:17:27] | Text: Controller App\Controllers\ShopController not found | File: /var/www/vendor/framework/routing/Router.php | Line: 74
================
[2020-02-25 15:19:15] | Text: Controller App\Controllers\ShopController not found | File: /var/www/vendor/framework/routing/Router.php | Line: 74
================
[2020-02-25 15:19:16] | Text: Controller App\Controllers\ShopController not found | File: /var/www/vendor/framework/routing/Router.php | Line: 74
================
[2020-02-25 15:19:35] | Text: Controller App\Controllers\ShopController not found | File: /var/www/vendor/framework/routing/Router.php | Line: 74
================
[2020-02-25 15:19:36] | Text: Controller App\Controllers\ShopController not found | File: /var/www/vendor/framework/routing/Router.php | Line: 74
================
[2020-02-25 15:19:37] | Text: Controller App\Controllers\ShopController not found | File: /var/www/vendor/framework/routing/Router.php | Line: 74
================
[2020-02-25 15:19:38] | Text: Page not found | File: /var/www/vendor/framework/routing/Router.php | Line: 77
================
[2020-02-25 15:19:41] | Text: Controller App\Controllers\ShopController not found | File: /var/www/vendor/framework/routing/Router.php | Line: 74
================
[2020-02-25 15:20:28] | Text: SQLSTATE[42000]: Syntax error or access violation: 1064 You have an error in your SQL syntax; check the manual that corresponds to your MySQL server version for the right syntax to use near 'AND price BETWEEN 0 AND 2000 -- keep-cache' at line 1 | File: /var/www/vendor/gabordemooij/redbean/RedBeanPHP/Driver/RPDO.php | Line: 194
================
[2020-02-25 15:23:03] | Text: Page not found | File: /var/www/vendor/framework/routing/Router.php | Line: 77
================
[2020-02-25 15:24:04] | Text: Page not found | File: /var/www/vendor/framework/routing/Router.php | Line: 77
================
[2020-02-25 15:25:15] | Text: Page not found | File: /var/www/vendor/framework/routing/Router.php | Line: 77
================
[2020-02-25 15:31:19] | Text: Page not found | File: /var/www/vendor/framework/routing/Router.php | Line: 77
================
[2020-02-25 15:31:26] | Text: Page not found | File: /var/www/vendor/framework/routing/Router.php | Line: 77
================
[2020-02-25 15:31:46] | Text: Page not found | File: /var/www/vendor/framework/routing/Router.php | Line: 77
================
[2020-02-25 15:32:37] | Text: Page not found | File: /var/www/vendor/framework/routing/Router.php | Line: 77
================
[2020-02-25 15:32:45] | Text: Page not found | File: /var/www/vendor/framework/routing/Router.php | Line: 77
================
[2020-02-25 15:33:00] | Text: Page not found | File: /var/www/vendor/framework/routing/Router.php | Line: 77
================
[2020-02-25 15:36:04] | Text: Page not found | File: /var/www/vendor/framework/routing/Router.php | Line: 77
================
[2020-02-25 15:36:31] | Text: Page not found | File: /var/www/vendor/framework/routing/Router.php | Line: 77
================
[2020-02-25 15:38:19] | Text: Page not found | File: /var/www/vendor/framework/routing/Router.php | Line: 77
================
[2020-02-25 15:48:23] | Text: Page not found | File: /var/www/vendor/framework/routing/Router.php | Line: 77
================
[2020-02-25 15:48:28] | Text: Page not found | File: /var/www/vendor/framework/routing/Router.php | Line: 77
================
[2020-02-25 15:48:38] | Text: Page not found | File: /var/www/vendor/framework/routing/Router.php | Line: 77
================
[2020-02-25 15:49:31] | Text: Page not found | File: /var/www/vendor/framework/routing/Router.php | Line: 77
================
[2020-02-25 15:49:53] | Text: Page not found | File: /var/www/vendor/framework/routing/Router.php | Line: 77
================
[2020-02-25 15:52:27] | Text: Page not found | File: /var/www/vendor/framework/routing/Router.php | Line: 77
================
[2020-02-25 16:05:23] | Text: Controller App\Controllers\AboutUsController not found | File: /var/www/vendor/framework/routing/Router.php | Line: 74
================
[2020-02-25 16:05:23] | Text: Page not found | File: /var/www/vendor/framework/routing/Router.php | Line: 77
================
[2020-02-25 16:08:18] | Text: Page not found | File: /var/www/vendor/framework/routing/Router.php | Line: 77
================
[2020-02-25 16:08:41] | Text: Page not found | File: /var/www/vendor/framework/routing/Router.php | Line: 77
================
[2020-02-25 16:09:14] | Text: Page not found | File: /var/www/vendor/framework/routing/Router.php | Line: 77
================
[2020-02-25 16:09:21] | Text: Page not found | File: /var/www/vendor/framework/routing/Router.php | Line: 77
================
[2020-02-25 16:09:25] | Text: Page not found | File: /var/www/vendor/framework/routing/Router.php | Line: 77
================
[2020-02-25 16:09:41] | Text: Page not found | File: /var/www/vendor/framework/routing/Router.php | Line: 77
================
[2020-02-25 16:09:55] | Text: Page not found | File: /var/www/vendor/framework/routing/Router.php | Line: 77
================
[2020-02-25 16:11:00] | Text: Page not found | File: /var/www/vendor/framework/routing/Router.php | Line: 77
================
[2020-02-25 16:11:22] | Text: Page not found | File: /var/www/vendor/framework/routing/Router.php | Line: 77
================
[2020-02-25 16:11:26] | Text: Page not found | File: /var/www/vendor/framework/routing/Router.php | Line: 77
================
[2020-02-25 16:11:28] | Text: Page not found | File: /var/www/vendor/framework/routing/Router.php | Line: 77
================
[2020-02-25 16:11:51] | Text: Page not found | File: /var/www/vendor/framework/routing/Router.php | Line: 77
================
[2020-02-25 16:12:00] | Text: Page not found | File: /var/www/vendor/framework/routing/Router.php | Line: 77
================
[2020-02-25 16:12:09] | Text: Page not found | File: /var/www/vendor/framework/routing/Router.php | Line: 77
================
[2020-02-25 16:13:29] | Text: Page not found | File: /var/www/vendor/framework/routing/Router.php | Line: 77
================
[2020-02-25 16:13:35] | Text: Page not found | File: /var/www/vendor/framework/routing/Router.php | Line: 77
================
[2020-02-25 16:13:48] | Text: Page not found | File: /var/www/vendor/framework/routing/Router.php | Line: 77
================
[2020-02-25 16:13:51] | Text: Page not found | File: /var/www/vendor/framework/routing/Router.php | Line: 77
================
[2020-02-25 16:14:28] | Text: Page not found | File: /var/www/vendor/framework/routing/Router.php | Line: 77
================
[2020-02-25 16:16:01] | Text: Controller App\Controllers\AboutUsController not found | File: /var/www/vendor/framework/routing/Router.php | Line: 74
================
[2020-02-25 16:16:01] | Text: Page not found | File: /var/www/vendor/framework/routing/Router.php | Line: 77
================
[2020-02-25 16:16:03] | Text: Controller App\Controllers\AboutUsController not found | File: /var/www/vendor/framework/routing/Router.php | Line: 74
================
[2020-02-25 16:16:05] | Text: Page not found | File: /var/www/vendor/framework/routing/Router.php | Line: 77
================
[2020-02-25 16:22:16] | Text: Page not found | File: /var/www/vendor/framework/routing/Router.php | Line: 77
================
[2020-02-25 16:22:22] | Text: Controller App\Controllers\ContactUsController not found | File: /var/www/vendor/framework/routing/Router.php | Line: 74
================
[2020-02-25 16:22:23] | Text: Page not found | File: /var/www/vendor/framework/routing/Router.php | Line: 77
================
[2020-02-25 16:22:27] | Text: Page not found | File: /var/www/vendor/framework/routing/Router.php | Line: 77
================
[2020-02-25 16:22:46] | Text: View index is not found | File: /var/www/vendor/framework/base/View.php | Line: 48
================
[2020-02-25 16:23:44] | Text: Page not found | File: /var/www/vendor/framework/routing/Router.php | Line: 77
================
[2020-02-25 16:24:35] | Text: View index is not found | File: /var/www/vendor/framework/base/View.php | Line: 48
================
[2020-02-25 16:24:56] | Text: Page not found | File: /var/www/vendor/framework/routing/Router.php | Line: 77
================
[2020-02-25 16:45:52] | Text: Page not found | File: /var/www/vendor/framework/routing/Router.php | Line: 77
================
[2020-02-25 16:46:06] | Text: Page not found | File: /var/www/vendor/framework/routing/Router.php | Line: 77
================
[2020-02-25 16:49:05] | Text: Page not found | File: /var/www/vendor/framework/routing/Router.php | Line: 77
================
[2020-02-25 16:49:29] | Text: Page not found | File: /var/www/vendor/framework/routing/Router.php | Line: 77
================
[2020-02-25 16:49:48] | Text: Page not found | File: /var/www/vendor/framework/routing/Router.php | Line: 77
================
[2020-02-25 16:50:01] | Text: Page not found | File: /var/www/vendor/framework/routing/Router.php | Line: 77
================
[2020-02-25 23:13:40] | Text: Page not found | File: /var/www/vendor/framework/routing/Router.php | Line: 77
================
[2020-02-25 23:34:34] | Text: Page not found | File: /var/www/vendor/framework/routing/Router.php | Line: 77
================
[2020-02-25 23:40:36] | Text: Page not found | File: /var/www/vendor/framework/routing/Router.php | Line: 77
================
[2020-02-25 23:40:39] | Text: Page not found | File: /var/www/vendor/framework/routing/Router.php | Line: 77
================
[2020-02-25 23:40:49] | Text: Page not found | File: /var/www/vendor/framework/routing/Router.php | Line: 77
================
[2020-02-25 23:40:55] | Text: Page not found | File: /var/www/vendor/framework/routing/Router.php | Line: 77
================
[2020-02-25 23:41:22] | Text: Page not found | File: /var/www/vendor/framework/routing/Router.php | Line: 77
================
[2020-02-25 23:44:25] | Text: Page not found | File: /var/www/vendor/framework/routing/Router.php | Line: 77
================
[2020-02-25 23:44:37] | Text: Page not found | File: /var/www/vendor/framework/routing/Router.php | Line: 77
================
[2020-02-26 00:10:05] | Text: Page not found | File: /var/www/vendor/framework/routing/Router.php | Line: 77
================
[2020-02-26 00:10:08] | Text: Page not found | File: /var/www/vendor/framework/routing/Router.php | Line: 77
================
[2020-02-26 00:10:16] | Text: Page not found | File: /var/www/vendor/framework/routing/Router.php | Line: 77
================
[2020-02-26 00:10:27] | Text: Page not found | File: /var/www/vendor/framework/routing/Router.php | Line: 77
================
[2020-02-26 00:10:55] | Text: Page not found | File: /var/www/vendor/framework/routing/Router.php | Line: 77
================
[2020-02-26 00:13:13] | Text: Page not found | File: /var/www/vendor/framework/routing/Router.php | Line: 77
================
[2020-02-26 00:13:35] | Text: Page not found | File: /var/www/vendor/framework/routing/Router.php | Line: 77
================
[2020-02-26 00:13:46] | Text: Page not found | File: /var/www/vendor/framework/routing/Router.php | Line: 77
================
[2020-02-26 00:14:09] | Text: Page not found | File: /var/www/vendor/framework/routing/Router.php | Line: 77
================
[2020-02-26 00:14:31] | Text: Page not found | File: /var/www/vendor/framework/routing/Router.php | Line: 77
================
[2020-02-26 00:14:52] | Text: Page not found | File: /var/www/vendor/framework/routing/Router.php | Line: 77
================
[2020-02-26 00:15:17] | Text: Page not found | File: /var/www/vendor/framework/routing/Router.php | Line: 77
================
[2020-02-26 00:15:37] | Text: Page not found | File: /var/www/vendor/framework/routing/Router.php | Line: 77
================
[2020-02-26 00:15:40] | Text: Page not found | File: /var/www/vendor/framework/routing/Router.php | Line: 77
================
[2020-02-26 00:15:48] | Text: Page not found | File: /var/www/vendor/framework/routing/Router.php | Line: 77
================
[2020-02-26 00:15:53] | Text: Page not found | File: /var/www/vendor/framework/routing/Router.php | Line: 77
================
[2020-02-26 00:16:02] | Text: Page not found | File: /var/www/vendor/framework/routing/Router.php | Line: 77
================
[2020-02-26 00:18:23] | Text: Page not found | File: /var/www/vendor/framework/routing/Router.php | Line: 77
================
[2020-02-26 00:20:11] | Text: Page not found | File: /var/www/vendor/framework/routing/Router.php | Line: 77
================
[2020-02-26 00:20:14] | Text: Page not found | File: /var/www/vendor/framework/routing/Router.php | Line: 77
================
[2020-02-26 00:20:21] | Text: Page not found | File: /var/www/vendor/framework/routing/Router.php | Line: 77
================
[2020-02-26 00:20:40] | Text: Page not found | File: /var/www/vendor/framework/routing/Router.php | Line: 77
================
[2020-02-26 00:20:45] | Text: Page not found | File: /var/www/vendor/framework/routing/Router.php | Line: 77
================
[2020-02-26 00:20:49] | Text: Page not found | File: /var/www/vendor/framework/routing/Router.php | Line: 77
================
[2020-02-26 00:20:55] | Text: Page not found | File: /var/www/vendor/framework/routing/Router.php | Line: 77
================
[2020-02-26 00:21:01] | Text: Page not found | File: /var/www/vendor/framework/routing/Router.php | Line: 77
================
[2020-02-26 00:22:15] | Text: Page not found | File: /var/www/vendor/framework/routing/Router.php | Line: 77
================
[2020-02-26 00:26:14] | Text: Page not found | File: /var/www/vendor/framework/routing/Router.php | Line: 77
================
[2020-02-26 00:34:02] | Text: Page not found | File: /var/www/vendor/framework/routing/Router.php | Line: 77
================
[2020-02-26 00:34:03] | Text: Page not found | File: /var/www/vendor/framework/routing/Router.php | Line: 77
================
[2020-02-26 00:34:09] | Text: Page not found | File: /var/www/vendor/framework/routing/Router.php | Line: 77
================
[2020-02-26 00:34:11] | Text: Page not found | File: /var/www/vendor/framework/routing/Router.php | Line: 77
================
[2020-02-26 00:34:23] | Text: Page not found | File: /var/www/vendor/framework/routing/Router.php | Line: 77
================
[2020-02-26 00:34:32] | Text: Page not found | File: /var/www/vendor/framework/routing/Router.php | Line: 77
================
[2020-02-26 00:34:42] | Text: Page not found | File: /var/www/vendor/framework/routing/Router.php | Line: 77
================
[2020-02-26 00:37:22] | Text: Page not found | File: /var/www/vendor/framework/routing/Router.php | Line: 77
================
[2020-02-26 00:38:00] | Text: Page not found | File: /var/www/vendor/framework/routing/Router.php | Line: 77
================
[2020-02-26 00:38:09] | Text: Page not found | File: /var/www/vendor/framework/routing/Router.php | Line: 77
================
[2020-02-26 00:38:16] | Text: Page not found | File: /var/www/vendor/framework/routing/Router.php | Line: 77
================
[2020-02-26 00:42:27] | Text: Page not found | File: /var/www/vendor/framework/routing/Router.php | Line: 77
================
[2020-02-26 00:42:53] | Text: Page not found | File: /var/www/vendor/framework/routing/Router.php | Line: 77
================
[2020-02-26 00:43:03] | Text: Page not found | File: /var/www/vendor/framework/routing/Router.php | Line: 77
================
[2020-02-26 00:43:08] | Text: Page not found | File: /var/www/vendor/framework/routing/Router.php | Line: 77
================
[2020-02-26 00:49:05] | Text: Page not found | File: /var/www/vendor/framework/routing/Router.php | Line: 77
================
[2020-02-26 00:49:09] | Text: Page not found | File: /var/www/vendor/framework/routing/Router.php | Line: 77
================
[2020-02-26 00:49:17] | Text: Page not found | File: /var/www/vendor/framework/routing/Router.php | Line: 77
================
[2020-02-26 00:49:22] | Text: Page not found | File: /var/www/vendor/framework/routing/Router.php | Line: 77
================
[2020-02-26 00:51:24] | Text: Page not found | File: /var/www/vendor/framework/routing/Router.php | Line: 77
================
[2020-02-26 00:51:39] | Text: Page not found | File: /var/www/vendor/framework/routing/Router.php | Line: 77
================
[2020-02-26 00:51:44] | Text: Page not found | File: /var/www/vendor/framework/routing/Router.php | Line: 77
================
[2020-02-26 00:52:50] | Text: Page not found | File: /var/www/vendor/framework/routing/Router.php | Line: 77
================
[2020-02-26 00:53:22] | Text: Page not found | File: /var/www/vendor/framework/routing/Router.php | Line: 77
================
[2020-02-26 00:53:25] | Text: Page not found | File: /var/www/vendor/framework/routing/Router.php | Line: 77
================
[2020-02-26 00:57:30] | Text: Page not found | File: /var/www/vendor/framework/routing/Router.php | Line: 77
================
[2020-02-26 00:59:35] | Text: Page not found | File: /var/www/vendor/framework/routing/Router.php | Line: 77
================
[2020-02-26 00:59:45] | Text: Page not found | File: /var/www/vendor/framework/routing/Router.php | Line: 77
================
[2020-02-26 01:03:57] | Text: Page not found | File: /var/www/vendor/framework/routing/Router.php | Line: 77
================
[2020-02-26 01:36:05] | Text: Page not found | File: /var/www/vendor/framework/routing/Router.php | Line: 77
================
[2020-02-26 01:36:09] | Text: Page not found | File: /var/www/vendor/framework/routing/Router.php | Line: 77
================
[2020-02-26 01:36:18] | Text: Page not found | File: /var/www/vendor/framework/routing/Router.php | Line: 77
================
[2020-02-26 01:37:51] | Text: Page not found | File: /var/www/vendor/framework/routing/Router.php | Line: 77
================
[2020-02-26 01:37:56] | Text: Page not found | File: /var/www/vendor/framework/routing/Router.php | Line: 77
================
[2020-02-26 01:39:12] | Text: Page not found | File: /var/www/vendor/framework/routing/Router.php | Line: 77
================
[2020-02-26 01:39:16] | Text: Page not found | File: /var/www/vendor/framework/routing/Router.php | Line: 77
================
[2020-02-26 01:43:27] | Text: Page not found | File: /var/www/vendor/framework/routing/Router.php | Line: 77
================
[2020-02-26 01:43:40] | Text: Page not found | File: /var/www/vendor/framework/routing/Router.php | Line: 77
================
[2020-02-26 01:43:54] | Text: Page not found | File: /var/www/vendor/framework/routing/Router.php | Line: 77
================
[2020-02-26 01:43:57] | Text: Page not found | File: /var/www/vendor/framework/routing/Router.php | Line: 77
================
[2020-02-26 01:51:06] | Text: Page not found | File: /var/www/vendor/framework/routing/Router.php | Line: 77
================
[2020-02-26 01:53:42] | Text: Page not found | File: /var/www/vendor/framework/routing/Router.php | Line: 77
================
[2020-02-26 01:54:15] | Text: Page not found | File: /var/www/vendor/framework/routing/Router.php | Line: 77
================
[2020-02-26 01:56:29] | Text: Page not found | File: /var/www/vendor/framework/routing/Router.php | Line: 77
================
[2020-02-26 01:56:39] | Text: Page not found | File: /var/www/vendor/framework/routing/Router.php | Line: 77
================
[2020-02-26 01:57:15] | Text: Page not found | File: /var/www/vendor/framework/routing/Router.php | Line: 77
================
[2020-02-26 01:57:17] | Text: Page not found | File: /var/www/vendor/framework/routing/Router.php | Line: 77
================
[2020-02-26 02:02:34] | Text: Page not found | File: /var/www/vendor/framework/routing/Router.php | Line: 77
================
[2020-02-26 02:05:22] | Text: Page not found | File: /var/www/vendor/framework/routing/Router.php | Line: 77
================
[2020-02-26 02:08:28] | Text: Page not found | File: /var/www/vendor/framework/routing/Router.php | Line: 77
================
[2020-02-26 02:08:38] | Text: Page not found | File: /var/www/vendor/framework/routing/Router.php | Line: 77
================
[2020-02-26 02:09:59] | Text: Page not found | File: /var/www/vendor/framework/routing/Router.php | Line: 77
================
[2020-02-26 02:10:02] | Text: Page not found | File: /var/www/vendor/framework/routing/Router.php | Line: 77
================
[2020-02-26 02:10:14] | Text: Page not found | File: /var/www/vendor/framework/routing/Router.php | Line: 77
================
[2020-02-26 02:10:20] | Text: Page not found | File: /var/www/vendor/framework/routing/Router.php | Line: 77
================
[2020-02-26 02:10:31] | Text: Page not found | File: /var/www/vendor/framework/routing/Router.php | Line: 77
================
[2020-02-26 02:10:59] | Text: Page not found | File: /var/www/vendor/framework/routing/Router.php | Line: 77
================
[2020-02-26 02:25:45] | Text: Page not found | File: /var/www/vendor/framework/routing/Router.php | Line: 77
================
[2020-02-26 02:25:51] | Text: Page not found | File: /var/www/vendor/framework/routing/Router.php | Line: 77
================
[2020-02-26 02:27:15] | Text: Page not found | File: /var/www/vendor/framework/routing/Router.php | Line: 77
================
[2020-02-26 02:27:28] | Text: Page not found | File: /var/www/vendor/framework/routing/Router.php | Line: 77
================
[2020-02-26 02:29:50] | Text: Page not found | File: /var/www/vendor/framework/routing/Router.php | Line: 77
================
[2020-02-26 02:30:02] | Text: Page not found | File: /var/www/vendor/framework/routing/Router.php | Line: 77
================
[2020-02-26 02:30:12] | Text: Page not found | File: /var/www/vendor/framework/routing/Router.php | Line: 77
================
[2020-02-26 02:30:20] | Text: Page not found | File: /var/www/vendor/framework/routing/Router.php | Line: 77
================
[2020-02-26 02:31:28] | Text: Page not found | File: /var/www/vendor/framework/routing/Router.php | Line: 77
================
[2020-02-26 02:31:30] | Text: Page not found | File: /var/www/vendor/framework/routing/Router.php | Line: 77
================
[2020-02-26 02:31:46] | Text: Page not found | File: /var/www/vendor/framework/routing/Router.php | Line: 77
================
[2020-02-26 02:32:27] | Text: Page not found | File: /var/www/vendor/framework/routing/Router.php | Line: 77
================
[2020-02-26 02:32:30] | Text: Page not found | File: /var/www/vendor/framework/routing/Router.php | Line: 77
================
[2020-02-26 02:33:08] | Text: Page not found | File: /var/www/vendor/framework/routing/Router.php | Line: 77
================
[2020-02-26 02:33:10] | Text: Page not found | File: /var/www/vendor/framework/routing/Router.php | Line: 77
================
[2020-02-26 02:33:16] | Text: Page not found | File: /var/www/vendor/framework/routing/Router.php | Line: 77
================
[2020-02-26 02:33:27] | Text: Page not found | File: /var/www/vendor/framework/routing/Router.php | Line: 77
================
[2020-02-26 02:33:30] | Text: Page not found | File: /var/www/vendor/framework/routing/Router.php | Line: 77
================
[2020-02-26 02:33:34] | Text: Page not found | File: /var/www/vendor/framework/routing/Router.php | Line: 77
================
[2020-02-26 02:33:36] | Text: Page not found | File: /var/www/vendor/framework/routing/Router.php | Line: 77
================
[2020-02-26 02:34:01] | Text: Page not found | File: /var/www/vendor/framework/routing/Router.php | Line: 77
================
[2020-02-26 02:34:03] | Text: Page not found | File: /var/www/vendor/framework/routing/Router.php | Line: 77
================
[2020-02-26 02:35:18] | Text: Page not found | File: /var/www/vendor/framework/routing/Router.php | Line: 77
================
[2020-02-26 02:35:21] | Text: Page not found | File: /var/www/vendor/framework/routing/Router.php | Line: 77
================
[2020-02-26 02:35:25] | Text: Page not found | File: /var/www/vendor/framework/routing/Router.php | Line: 77
================
[2020-02-26 02:35:32] | Text: Page not found | File: /var/www/vendor/framework/routing/Router.php | Line: 77
================
[2020-02-26 02:35:35] | Text: Page not found | File: /var/www/vendor/framework/routing/Router.php | Line: 77
================
[2020-02-26 02:35:44] | Text: Page not found | File: /var/www/vendor/framework/routing/Router.php | Line: 77
================
[2020-02-26 02:35:57] | Text: Page not found | File: /var/www/vendor/framework/routing/Router.php | Line: 77
================
[2020-02-26 02:35:59] | Text: Page not found | File: /var/www/vendor/framework/routing/Router.php | Line: 77
================
[2020-02-26 02:36:01] | Text: Page not found | File: /var/www/vendor/framework/routing/Router.php | Line: 77
================
[2020-02-26 02:36:36] | Text: Page not found | File: /var/www/vendor/framework/routing/Router.php | Line: 77
================
[2020-02-26 02:36:38] | Text: Page not found | File: /var/www/vendor/framework/routing/Router.php | Line: 77
================
[2020-02-26 02:36:41] | Text: Page not found | File: /var/www/vendor/framework/routing/Router.php | Line: 77
================
[2020-02-26 02:36:47] | Text: Page not found | File: /var/www/vendor/framework/routing/Router.php | Line: 77
================
[2020-02-26 02:36:50] | Text: Page not found | File: /var/www/vendor/framework/routing/Router.php | Line: 77
================
[2020-02-26 02:39:05] | Text: Page not found | File: /var/www/vendor/framework/routing/Router.php | Line: 77
================
[2020-02-26 02:39:07] | Text: Page not found | File: /var/www/vendor/framework/routing/Router.php | Line: 77
================
[2020-02-26 02:39:10] | Text: Page not found | File: /var/www/vendor/framework/routing/Router.php | Line: 77
================
[2020-02-26 02:46:55] | Text: Page not found | File: /var/www/vendor/framework/routing/Router.php | Line: 77
================
[2020-02-26 02:48:03] | Text: Page not found | File: /var/www/vendor/framework/routing/Router.php | Line: 77
================
[2020-02-26 02:48:06] | Text: Page not found | File: /var/www/vendor/framework/routing/Router.php | Line: 77
================
[2020-02-26 02:48:13] | Text: Page not found | File: /var/www/vendor/framework/routing/Router.php | Line: 77
================
[2020-02-26 02:49:44] | Text: Page not found | File: /var/www/vendor/framework/routing/Router.php | Line: 77
================
[2020-02-26 03:00:26] | Text: Page not found | File: /var/www/vendor/framework/routing/Router.php | Line: 77
================
[2020-02-26 03:01:30] | Text: Page not found | File: /var/www/vendor/framework/routing/Router.php | Line: 77
================
[2020-02-26 03:04:24] | Text: Page not found | File: /var/www/vendor/framework/routing/Router.php | Line: 77
================
[2020-02-26 03:05:37] | Text: Page not found | File: /var/www/vendor/framework/routing/Router.php | Line: 77
================
[2020-02-26 03:07:25] | Text: Page not found | File: /var/www/vendor/framework/routing/Router.php | Line: 77
================
[2020-02-26 03:15:02] | Text: Page not found | File: /var/www/vendor/framework/routing/Router.php | Line: 77
================
[2020-02-26 03:15:09] | Text: Ошибка отправки письма | File: /var/www/app/models/ContactUs.php | Line: 63
================
[2020-02-26 03:15:29] | Text: Ошибка отправки письма | File: /var/www/app/models/ContactUs.php | Line: 63
================
[2020-02-26 03:15:30] | Text: Ошибка отправки письма | File: /var/www/app/models/ContactUs.php | Line: 63
================
[2020-02-26 03:15:30] | Text: Ошибка отправки письма | File: /var/www/app/models/ContactUs.php | Line: 63
================
[2020-02-26 03:15:30] | Text: Ошибка отправки письма | File: /var/www/app/models/ContactUs.php | Line: 63
================
[2020-02-26 03:15:31] | Text: Ошибка отправки письма | File: /var/www/app/models/ContactUs.php | Line: 63
================
[2020-02-26 03:15:31] | Text: Ошибка отправки письма | File: /var/www/app/models/ContactUs.php | Line: 63
================
[2020-02-26 03:15:31] | Text: Ошибка отправки письма | File: /var/www/app/models/ContactUs.php | Line: 63
================
[2020-02-26 03:15:32] | Text: Ошибка отправки письма | File: /var/www/app/models/ContactUs.php | Line: 63
================
[2020-02-26 03:15:32] | Text: Ошибка отправки письма | File: /var/www/app/models/ContactUs.php | Line: 63
================
[2020-02-26 03:15:32] | Text: Ошибка отправки письма | File: /var/www/app/models/ContactUs.php | Line: 63
================
[2020-02-26 03:15:32] | Text: Ошибка отправки письма | File: /var/www/app/models/ContactUs.php | Line: 63
================
[2020-02-26 03:15:33] | Text: Ошибка отправки письма | File: /var/www/app/models/ContactUs.php | Line: 63
================
[2020-02-26 03:15:33] | Text: Ошибка отправки письма | File: /var/www/app/models/ContactUs.php | Line: 63
================
[2020-02-26 03:15:33] | Text: Ошибка отправки письма | File: /var/www/app/models/ContactUs.php | Line: 63
================
[2020-02-26 03:15:33] | Text: Ошибка отправки письма | File: /var/www/app/models/ContactUs.php | Line: 63
================
[2020-02-26 03:15:34] | Text: Ошибка отправки письма | File: /var/www/app/models/ContactUs.php | Line: 63
================
[2020-02-26 03:15:34] | Text: Ошибка отправки письма | File: /var/www/app/models/ContactUs.php | Line: 63
================
[2020-02-26 03:15:34] | Text: Ошибка отправки письма | File: /var/www/app/models/ContactUs.php | Line: 63
================
[2020-02-26 03:15:34] | Text: Ошибка отправки письма | File: /var/www/app/models/ContactUs.php | Line: 63
================
[2020-02-26 03:15:34] | Text: Ошибка отправки письма | File: /var/www/app/models/ContactUs.php | Line: 63
================
[2020-02-26 03:15:35] | Text: Ошибка отправки письма | File: /var/www/app/models/ContactUs.php | Line: 63
================
[2020-02-26 03:15:35] | Text: Ошибка отправки письма | File: /var/www/app/models/ContactUs.php | Line: 63
================
[2020-02-26 03:15:35] | Text: Ошибка отправки письма | File: /var/www/app/models/ContactUs.php | Line: 63
================
[2020-02-26 03:15:36] | Text: Ошибка отправки письма | File: /var/www/app/models/ContactUs.php | Line: 63
================
[2020-02-26 03:16:42] | Text: Page not found | File: /var/www/vendor/framework/routing/Router.php | Line: 77
================
[2020-02-26 03:16:53] | Text: Ошибка отправки письма | File: /var/www/app/models/ContactUs.php | Line: 63
================
[2020-02-26 03:19:06] | Text: Page not found | File: /var/www/vendor/framework/routing/Router.php | Line: 77
================
[2020-02-26 03:26:14] | Text: Page not found | File: /var/www/vendor/framework/routing/Router.php | Line: 77
================
[2020-02-26 03:26:21] | Text: Ошибка отправки письма | File: /var/www/app/models/ContactUs.php | Line: 64
================
[2020-02-26 03:29:00] | Text: Ошибка отправки письма | File: /var/www/app/models/ContactUs.php | Line: 64
================
[2020-02-26 03:29:01] | Text: Ошибка отправки письма | File: /var/www/app/models/ContactUs.php | Line: 64
================
[2020-02-26 03:29:01] | Text: Ошибка отправки письма | File: /var/www/app/models/ContactUs.php | Line: 64
================
[2020-02-26 03:29:02] | Text: Ошибка отправки письма | File: /var/www/app/models/ContactUs.php | Line: 64
================
[2020-02-26 03:29:02] | Text: Ошибка отправки письма | File: /var/www/app/models/ContactUs.php | Line: 64
================
[2020-02-26 03:31:41] | Text: Page not found | File: /var/www/vendor/framework/routing/Router.php | Line: 77
================
[2020-02-26 03:32:14] | Text: Page not found | File: /var/www/vendor/framework/routing/Router.php | Line: 77
================
[2020-02-26 03:32:15] | Text: Page not found | File: /var/www/vendor/framework/routing/Router.php | Line: 77
================
[2020-02-26 03:33:22] | Text: Page not found | File: /var/www/vendor/framework/routing/Router.php | Line: 77
================
[2020-02-26 03:36:40] | Text: Page not found | File: /var/www/vendor/framework/routing/Router.php | Line: 77
================
[2020-02-26 03:42:59] | Text: Page not found | File: /var/www/vendor/framework/routing/Router.php | Line: 77
================
[2020-02-26 03:46:50] | Text: Page not found | File: /var/www/vendor/framework/routing/Router.php | Line: 77
================
[2020-02-26 03:47:33] | Text: Page not found | File: /var/www/vendor/framework/routing/Router.php | Line: 77
================
[2020-02-26 03:50:44] | Text: Page not found | File: /var/www/vendor/framework/routing/Router.php | Line: 77
================
[2020-02-26 03:58:56] | Text: Page not found | File: /var/www/vendor/framework/routing/Router.php | Line: 77
================
[2020-02-26 03:58:59] | Text: Page not found | File: /var/www/vendor/framework/routing/Router.php | Line: 77
================
[2020-02-26 04:00:45] | Text: Page not found | File: /var/www/vendor/framework/routing/Router.php | Line: 77
================
[2020-02-26 04:01:57] | Text: Page not found | File: /var/www/vendor/framework/routing/Router.php | Line: 77
================
[2020-02-26 04:03:00] | Text: Page not found | File: /var/www/vendor/framework/routing/Router.php | Line: 77
================
[2020-02-26 04:08:37] | Text: Page not found | File: /var/www/vendor/framework/routing/Router.php | Line: 77
================
[2020-02-26 04:09:52] | Text: Page not found | File: /var/www/vendor/framework/routing/Router.php | Line: 77
================
[2020-02-26 04:10:00] | Text: Page not found | File: /var/www/vendor/framework/routing/Router.php | Line: 77
================
[2020-02-26 04:12:52] | Text: Page not found | File: /var/www/vendor/framework/routing/Router.php | Line: 77
================
[2020-02-26 04:13:17] | Text: Page not found | File: /var/www/vendor/framework/routing/Router.php | Line: 77
================
[2020-02-26 04:13:26] | Text: Page not found | File: /var/www/vendor/framework/routing/Router.php | Line: 77
================
[2020-02-26 04:13:31] | Text: Page not found | File: /var/www/vendor/framework/routing/Router.php | Line: 77
================
[2020-02-26 04:13:35] | Text: Page not found | File: /var/www/vendor/framework/routing/Router.php | Line: 77
================
[2020-02-26 04:13:39] | Text: Page not found | File: /var/www/vendor/framework/routing/Router.php | Line: 77
================
[2020-02-26 04:13:41] | Text: Page not found | File: /var/www/vendor/framework/routing/Router.php | Line: 77
================
[2020-02-26 04:13:52] | Text: Page not found | File: /var/www/vendor/framework/routing/Router.php | Line: 77
================
[2020-02-26 04:14:29] | Text: Ошибка отправки письма | File: /var/www/app/models/ContactUs.php | Line: 63
================
[2020-02-26 04:15:34] | Text: Ошибка отправки письма | File: /var/www/app/models/ContactUs.php | Line: 63
================
[2020-02-26 04:20:48] | Text: Page not found | File: /var/www/vendor/framework/routing/Router.php | Line: 77
================
[2020-02-26 04:26:53] | Text: Page not found | File: /var/www/vendor/framework/routing/Router.php | Line: 77
================
[2020-02-26 04:27:38] | Text: Page not found | File: /var/www/vendor/framework/routing/Router.php | Line: 77
================
[2020-02-26 04:28:37] | Text: Page not found | File: /var/www/vendor/framework/routing/Router.php | Line: 77
================
[2020-02-26 04:28:55] | Text: Page not found | File: /var/www/vendor/framework/routing/Router.php | Line: 77
================
[2020-02-26 04:29:10] | Text: Controller App\Controllers\BlogController not found | File: /var/www/vendor/framework/routing/Router.php | Line: 74
================
[2020-02-26 04:29:10] | Text: Page not found | File: /var/www/vendor/framework/routing/Router.php | Line: 77
================
[2020-02-26 06:20:16] | Text: Page not found | File: /var/www/vendor/framework/routing/Router.php | Line: 77
================
[2020-02-26 06:34:34] | Text: Expected array, string given. | File: /var/www/vendor/gabordemooij/redbean/RedBeanPHP/Finder.php | Line: 146
================
[2020-02-26 07:15:56] | Text: Page not found | File: /var/www/vendor/framework/routing/Router.php | Line: 77
================
[2020-02-26 07:18:03] | Text: Page not found | File: /var/www/vendor/framework/routing/Router.php | Line: 77
================
[2020-02-26 07:18:37] | Text: Page not found | File: /var/www/vendor/framework/routing/Router.php | Line: 77
================
[2020-02-26 07:19:05] | Text: Page not found | File: /var/www/vendor/framework/routing/Router.php | Line: 77
================
